Active-HDL 10.1.3088.5434  2019-04-03 20:52:18

Elaboration top modules:
Architecture                  BEH(CRC)


---------------------------------------------------------------------------------------------
Entity   | Architecture | Library | Info | Compiler Version            | Compilation Options
---------------------------------------------------------------------------------------------
CRC      | BEH          | crc     |      | 10.1.3088.5434  (Windows64) | -O3
---------------------------------------------------------------------------------------------

---------------------------------------------------------------------------------------------
VHDL Package            | Library | Info | Compiler Version            | Compilation Options
---------------------------------------------------------------------------------------------
standard                | std     |      |                             | <unavailable>
TEXTIO                  | std     |      | 10.1.3088.5434  (Windows64) |  -2008
std_logic_1164          | ieee    |      | 10.1.3088.5434  (Windows64) |  -2008
std_logic_arith         | ieee    |      | 10.1.3088.5434  (Windows64) | <unavailable>
---------------------------------------------------------------------------------------------

---------------------------------------------------------------------------------------------
Library                 | Comment
---------------------------------------------------------------------------------------------
crc                     | None
ieee                    | Standard IEEE packages library
std                     | Standard VHDL library
---------------------------------------------------------------------------------------------
