# ELBREAD: Elaboration process.
# ELBREAD: Elaboration time 0.0 [s].
acom -O3 -work CRC -2002  $dsn/src/MAIN.vhd
# Compile...
# Warning: DAGGEN_0523: The source is compiled without the -dbg switch. Line breakpoints and assertion debug will not be available.
# File: e:\My_Designs\Lab3\CRC\src\MAIN.vhd
# Compile Entity "CRC"
# Compile Architecture "BEH" of Entity "CRC"
# Error: COMP96_0367: MAIN.vhd : (22, 40): Improper array length (48). Expected length is 33.
# Compile failure 1 Errors 0 Warnings  Analysis time :  32.0 [ms]
acom -O3 -work CRC -2002  $dsn/src/MAIN.vhd
# Compile...
# Warning: DAGGEN_0523: The source is compiled without the -dbg switch. Line breakpoints and assertion debug will not be available.
# File: e:\My_Designs\Lab3\CRC\src\MAIN.vhd
# Compile Entity "CRC"
# Compile Architecture "BEH" of Entity "CRC"
# Compile success 0 Errors 0 Warnings  Analysis time :  0.2 [s]
asim -O5 +access +r +m+CRC CRC BEH
# ELBREAD: Elaboration process.
# ELBREAD: Elaboration time 0.0 [s].
# asim: Stack memory: 32MB
# asim: Retval memory: 32MB
# KERNEL: Main thread initiated.
# KERNEL: Kernel process initialization phase.
# KERNEL: Time resolution set to 1ps.
# ELAB2: Elaboration final pass...
# ELAB2: Create instances ...
# ELAB2: Create instances complete.
# SLP: Started
# SLP: Elaboration phase ...
# SLP: Elaboration phase ... skipped, nothing to simulate in SLP mode : 0.0 [s]
# SLP: Finished : 0.0 [s]
# ELAB2: Elaboration final pass complete - time: 0.1 [s].
# KERNEL: Kernel process initialization done.
# Allocation: Simulator allocated 7162 kB (elbread=1023 elab2=5983 kernel=154 sdf=0)
# KERNEL: ASDB file was created in location e:\My_Designs\Lab3\CRC\src\wave.asdb
#  21:04, 3 квітня 2019 р.
#  Simulation has been initialized
#  Selected Top-Level: CRC (BEH)
# 8 signal(s) traced.
# Waveform file 'untitled.awc' connected to 'e:/My_Designs/Lab3/CRC/src/wave.asdb'.
run 100 ns
# KERNEL: stopped at time: 100 ns
run 100 ns
# KERNEL: stopped at time: 200 ns
run 100 ns
# KERNEL: stopped at time: 300 ns
run 1000 ns
# KERNEL: stopped at time: 1300 ns
run 1000 ns
# KERNEL: stopped at time: 2300 ns
run 1000 ns
# KERNEL: stopped at time: 3300 ns
run 1000 ns
# KERNEL: stopped at time: 4300 ns
run 100 ns
# KERNEL: stopped at time: 4400 ns
run 100 ns
# KERNEL: stopped at time: 4500 ns
run 100 ns
# KERNEL: stopped at time: 4600 ns
run 100 ns
# KERNEL: stopped at time: 4700 ns
run 100 ns
# KERNEL: stopped at time: 4800 ns
run 100 ns
# KERNEL: stopped at time: 4900 ns
run 100 ns
# KERNEL: stopped at time: 5 us
run 100 ns
# KERNEL: stopped at time: 5100 ns
run 100 ns
# KERNEL: stopped at time: 5200 ns
endsim
#  Simulation has been stopped
